{
  "stats": {
    "suites": 1,
    "tests": 2,
    "passes": 1,
    "pending": 0,
    "failures": 1,
    "start": "2022-11-07T02:26:23.199Z",
    "end": "2022-11-07T02:26:25.235Z",
    "duration": 2036,
    "testsRegistered": 2,
    "passPercent": 50,
    "pendingPercent": 0,
    "other": 0,
    "hasOther": false,
    "skipped": 0,
    "hasSkipped": false
  },
  "results": [
    {
      "uuid": "35ec38a5-4021-4da9-86fe-47c8db5b8e92",
      "title": "",
      "fullFile": "E:\\Coding Folder\\todoist\\api\\runner\\get-all-projects.js",
      "file": "\\api\\runner\\get-all-projects.js",
      "beforeHooks": [],
      "afterHooks": [],
      "tests": [],
      "suites": [
        {
          "uuid": "6d6a6924-151d-4f5f-a465-650f135ebc77",
          "title": "Get all project",
          "fullFile": "E:\\Coding Folder\\todoist\\api\\runner\\get-all-projects.js",
          "file": "\\api\\runner\\get-all-projects.js",
          "beforeHooks": [],
          "afterHooks": [],
          "tests": [
            {
              "title": "Without token",
              "fullTitle": "Get all project Without token",
              "timedOut": false,
              "duration": 1133,
              "state": "passed",
              "speed": "slow",
              "pass": true,
              "fail": false,
              "pending": false,
              "context": null,
              "code": "let api = chai.request(process.env.API_URL);\napi.get(`/projects`)\n.end(function(err, res){            \n    expect(res.statusCode).to.equal(401);                \n    done();\n           })",
              "err": {},
              "uuid": "98706762-152b-446e-a045-f6be837ce0b8",
              "parentUUID": "6d6a6924-151d-4f5f-a465-650f135ebc77",
              "isHook": false,
              "skipped": false
            },
            {
              "title": "Using token",
              "fullTitle": "Get all project Using token",
              "timedOut": false,
              "duration": 884,
              "state": "failed",
              "speed": null,
              "pass": false,
              "fail": true,
              "pending": false,
              "context": null,
              "code": "let api = chai.request(process.env.API_URL);\napi.get(`/projects`)\n.set(\"Authorization\", \"Bearer \" + process.env.TOKEN)\n.end(function(err, res){            \n    expect(res.statusCode).to.equal(200);\n    expect(res.body).to.be.jsonSchema(data);\n    global.valid_id = res.body[-1].id;\n    expect(res.body[-1].id).to.equal(200);\n    done();\n           })",
              "err": {
                "message": "TypeError: Cannot read properties of undefined (reading 'id')",
                "estack": "TypeError: Cannot read properties of undefined (reading 'id')\n    at E:\\Coding Folder\\todoist\\api\\test\\get-all-projects.spec.js:28:48\n    at Request.callback (node_modules\\superagent\\lib\\node\\index.js:716:12)\n    at E:\\Coding Folder\\todoist\\node_modules\\superagent\\lib\\node\\index.js:916:18\n    at Stream.<anonymous> (node_modules\\superagent\\lib\\node\\parsers\\json.js:19:7)\n    at Stream.emit (node:events:513:28)\n    at Unzip.<anonymous> (node_modules\\superagent\\lib\\node\\unzip.js:55:12)\n    at Unzip.emit (node:events:513:28)\n    at endReadableNT (node:internal/streams/readable:1359:12)\n    at process.processTicksAndRejections (node:internal/process/task_queues:82:21)",
                "diff": null
              },
              "uuid": "9d08793b-6ae0-4ee0-af70-a3be675ed27d",
              "parentUUID": "6d6a6924-151d-4f5f-a465-650f135ebc77",
              "isHook": false,
              "skipped": false
            }
          ],
          "suites": [],
          "passes": [
            "98706762-152b-446e-a045-f6be837ce0b8"
          ],
          "failures": [
            "9d08793b-6ae0-4ee0-af70-a3be675ed27d"
          ],
          "pending": [],
          "skipped": [],
          "duration": 2017,
          "root": false,
          "rootEmpty": false,
          "_timeout": 10000
        }
      ],
      "passes": [],
      "failures": [],
      "pending": [],
      "skipped": [],
      "duration": 0,
      "root": true,
      "rootEmpty": true,
      "_timeout": 10000
    }
  ],
  "meta": {
    "mocha": {
      "version": "10.1.0"
    },
    "mochawesome": {
      "options": {
        "quiet": false,
        "reportFilename": "mochawesome",
        "saveHtml": true,
        "saveJson": true,
        "consoleReporter": "spec",
        "useInlineDiffs": false,
        "code": true
      },
      "version": "7.1.3"
    },
    "marge": {
      "options": null,
      "version": "6.2.0"
    }
  }
}