{
  "stats": {
    "suites": 5,
    "tests": 22,
    "passes": 22,
    "pending": 0,
    "failures": 0,
    "start": "2022-11-04T00:42:20.273Z",
    "end": "2022-11-04T00:42:35.771Z",
    "duration": 15498,
    "testsRegistered": 22,
    "passPercent": 100,
    "pendingPercent": 0,
    "other": 0,
    "hasOther": false,
    "skipped": 0,
    "hasSkipped": false
  },
  "results": [
    {
      "uuid": "26c931c4-eed8-4725-88c4-c01b5c49bc2b",
      "title": "",
      "fullFile": "",
      "file": "",
      "beforeHooks": [],
      "afterHooks": [],
      "tests": [],
      "suites": [
        {
          "uuid": "74915039-6986-40b6-ab61-8f562feab1ee",
          "title": "Get a project",
          "fullFile": "E:\\Coding Folder\\todoist\\api\\runner\\regression-test.js",
          "file": "\\api\\runner\\regression-test.js",
          "beforeHooks": [],
          "afterHooks": [],
          "tests": [
            {
              "title": "Using token and invalid id",
              "fullTitle": "Get a project Using token and invalid id",
              "timedOut": false,
              "duration": 1027,
              "state": "passed",
              "speed": "slow",
              "pass": true,
              "fail": false,
              "pending": false,
              "context": null,
              "code": "let api = chai.request('https://api.todoist.com/rest/v2');\napi.get(`/projects/2301727`)            \n.set(\"Authorization\", \"Bearer \" + token)                   \n.end(function(err, res){            \n    expect(res.statusCode).to.equal(404);                \n    done();\n           })",
              "err": {},
              "uuid": "f88d133a-78c8-410d-9447-0d3dbda8e205",
              "parentUUID": "74915039-6986-40b6-ab61-8f562feab1ee",
              "isHook": false,
              "skipped": false
            },
            {
              "title": "Without token but using valid id",
              "fullTitle": "Get a project Without token but using valid id",
              "timedOut": false,
              "duration": 748,
              "state": "passed",
              "speed": "slow",
              "pass": true,
              "fail": false,
              "pending": false,
              "context": null,
              "code": "let api = chai.request('https://api.todoist.com/rest/v2');\napi.get(`/projects/2301727071`)\n// .set(\"Content-type\", \"application/json\")\n// .set(\"Authorization\", \"Bearer \" + token)                             \n.end(function(err, res){            \n    expect(res.statusCode).to.equal(401);\n    // expect(res.body).to.be.jsonSchema(data);\n    done();\n           })",
              "err": {},
              "uuid": "f7ef471c-fe0a-4df3-90ba-af16ccb5e14f",
              "parentUUID": "74915039-6986-40b6-ab61-8f562feab1ee",
              "isHook": false,
              "skipped": false
            },
            {
              "title": "Using token and valid id",
              "fullTitle": "Get a project Using token and valid id",
              "timedOut": false,
              "duration": 346,
              "state": "passed",
              "speed": "slow",
              "pass": true,
              "fail": false,
              "pending": false,
              "context": null,
              "code": "let api = chai.request('https://api.todoist.com/rest/v2');\napi.get(`/projects/2301727071`)\n// .set(\"Content-type\", \"application/json\")\n.set(\"Authorization\", \"Bearer \" + token)                     \n.end(function(err, res){            \n    expect(res.statusCode).to.equal(200);\n    expect(res.body).to.be.jsonSchema(data);\n    done();\n           })",
              "err": {},
              "uuid": "a0a25998-299c-4808-9301-811bf6ea164b",
              "parentUUID": "74915039-6986-40b6-ab61-8f562feab1ee",
              "isHook": false,
              "skipped": false
            }
          ],
          "suites": [],
          "passes": [
            "f88d133a-78c8-410d-9447-0d3dbda8e205",
            "f7ef471c-fe0a-4df3-90ba-af16ccb5e14f",
            "a0a25998-299c-4808-9301-811bf6ea164b"
          ],
          "failures": [],
          "pending": [],
          "skipped": [],
          "duration": 2121,
          "root": false,
          "rootEmpty": false,
          "_timeout": 10000
        },
        {
          "uuid": "d50ceecf-1f74-49ad-b652-ab94a555fd7b",
          "title": "Get all project",
          "fullFile": "E:\\Coding Folder\\todoist\\api\\runner\\regression-test.js",
          "file": "\\api\\runner\\regression-test.js",
          "beforeHooks": [],
          "afterHooks": [],
          "tests": [
            {
              "title": "Without token",
              "fullTitle": "Get all project Without token",
              "timedOut": false,
              "duration": 751,
              "state": "passed",
              "speed": "slow",
              "pass": true,
              "fail": false,
              "pending": false,
              "context": null,
              "code": "let api = chai.request('https://api.todoist.com/rest/v2');\napi.get(`/projects`)\n.end(function(err, res){            \n    expect(res.statusCode).to.equal(401);                \n    done();\n           })",
              "err": {},
              "uuid": "14704768-7ce1-4906-894e-909c582ddbd8",
              "parentUUID": "d50ceecf-1f74-49ad-b652-ab94a555fd7b",
              "isHook": false,
              "skipped": false
            },
            {
              "title": "Using token",
              "fullTitle": "Get all project Using token",
              "timedOut": false,
              "duration": 835,
              "state": "passed",
              "speed": "slow",
              "pass": true,
              "fail": false,
              "pending": false,
              "context": null,
              "code": "let api = chai.request('https://api.todoist.com/rest/v2');\napi.get(`/projects/2301727071`)            \n.set(\"Authorization\", \"Bearer \" + token)                     \n.end(function(err, res){            \n    expect(res.statusCode).to.equal(200);\n    expect(res.body).to.be.jsonSchema(data);\n    done();\n           })",
              "err": {},
              "uuid": "29437382-78e1-4ad4-9ea6-e158c701b355",
              "parentUUID": "d50ceecf-1f74-49ad-b652-ab94a555fd7b",
              "isHook": false,
              "skipped": false
            }
          ],
          "suites": [],
          "passes": [
            "14704768-7ce1-4906-894e-909c582ddbd8",
            "29437382-78e1-4ad4-9ea6-e158c701b355"
          ],
          "failures": [],
          "pending": [],
          "skipped": [],
          "duration": 1586,
          "root": false,
          "rootEmpty": false,
          "_timeout": 10000
        },
        {
          "uuid": "68eae847-c7f4-43a7-9076-56ccaf739324",
          "title": "Create a new project",
          "fullFile": "E:\\Coding Folder\\todoist\\api\\runner\\regression-test.js",
          "file": "\\api\\runner\\regression-test.js",
          "beforeHooks": [],
          "afterHooks": [],
          "tests": [
            {
              "title": "Using token and name",
              "fullTitle": "Create a new project Using token and name",
              "timedOut": false,
              "duration": 425,
              "state": "passed",
              "speed": "slow",
              "pass": true,
              "fail": false,
              "pending": false,
              "context": null,
              "code": "const project_name =  faker.commerce.productName();\nlet api = chai.request('https://api.todoist.com/rest/v2');\napi.post(`/projects`)            \n.set(\"Authorization\", \"Bearer \" + token)\n.type('form')\n.send({\n    name : project_name\n})                     \n.end(function(err, res){            \n    expect(res.statusCode).to.equal(200);\n    expect(res.body).to.be.jsonSchema(data);\n    expect(res.body.name).to.equal(project_name);                \n    done();\n           })",
              "err": {},
              "uuid": "2d4ab04b-bea5-437c-9350-5eae7f99c121",
              "parentUUID": "68eae847-c7f4-43a7-9076-56ccaf739324",
              "isHook": false,
              "skipped": false
            },
            {
              "title": "Without token",
              "fullTitle": "Create a new project Without token",
              "timedOut": false,
              "duration": 766,
              "state": "passed",
              "speed": "slow",
              "pass": true,
              "fail": false,
              "pending": false,
              "context": null,
              "code": "const project_name =  faker.commerce.productName();\nlet api = chai.request('https://api.todoist.com/rest/v2');\napi.post(`/projects`)            \n.type('form')\n.send({\n    name : project_name\n})                     \n.end(function(err, res){            \n    expect(res.statusCode).to.equal(401);\n    done();\n           })",
              "err": {},
              "uuid": "ef2b53cc-5057-4bf1-a67d-bd101739ee91",
              "parentUUID": "68eae847-c7f4-43a7-9076-56ccaf739324",
              "isHook": false,
              "skipped": false
            },
            {
              "title": "Using token, name, and color",
              "fullTitle": "Create a new project Using token, name, and color",
              "timedOut": false,
              "duration": 1033,
              "state": "passed",
              "speed": "slow",
              "pass": true,
              "fail": false,
              "pending": false,
              "context": null,
              "code": "const project_name =  faker.commerce.productName();\nlet api = chai.request('https://api.todoist.com/rest/v2');\napi.post(`/projects`)            \n.set(\"Authorization\", \"Bearer \" + token)\n.type('form')\n.send({\n    name : project_name,\n    color : 'grape'\n})                     \n.end(function(err, res){            \n    expect(res.statusCode).to.equal(200);\n    expect(res.body).to.be.jsonSchema(data);\n    expect(res.body.name).to.equal(project_name);\n    expect(res.body.color).to.equal(\"grape\");                              \n    done();\n           })",
              "err": {},
              "uuid": "c3e29a7d-91ad-4b92-8057-f692b6d7a36b",
              "parentUUID": "68eae847-c7f4-43a7-9076-56ccaf739324",
              "isHook": false,
              "skipped": false
            },
            {
              "title": "Using token, name, and favorite",
              "fullTitle": "Create a new project Using token, name, and favorite",
              "timedOut": false,
              "duration": 1127,
              "state": "passed",
              "speed": "slow",
              "pass": true,
              "fail": false,
              "pending": false,
              "context": null,
              "code": "const project_name =  faker.commerce.productName();\nlet api = chai.request('https://api.todoist.com/rest/v2');\napi.post(`/projects`)            \n.set(\"Authorization\", \"Bearer \" + token)\n.type('form')\n.send({\n    name : project_name,\n    is_favorite : 'true'\n})                     \n.end(function(err, res){            \n    expect(res.statusCode).to.equal(200);\n    expect(res.body).to.be.jsonSchema(data);\n    expect(res.body.name).to.equal(project_name);                \n    expect(res.body.is_favorite).to.equal(true);\n    done();\n           })",
              "err": {},
              "uuid": "ba7825ca-0fea-4337-9ec0-cc9cef639e5e",
              "parentUUID": "68eae847-c7f4-43a7-9076-56ccaf739324",
              "isHook": false,
              "skipped": false
            },
            {
              "title": "Using token, name, color, and favorite",
              "fullTitle": "Create a new project Using token, name, color, and favorite",
              "timedOut": false,
              "duration": 920,
              "state": "passed",
              "speed": "slow",
              "pass": true,
              "fail": false,
              "pending": false,
              "context": null,
              "code": "const project_name =  faker.commerce.productName();\nlet api = chai.request('https://api.todoist.com/rest/v2');\napi.post(`/projects`)            \n.set(\"Authorization\", \"Bearer \" + token)\n.type('form')\n.send({\n    name : project_name,\n    color : 'grape',\n    is_favorite : 'true'\n})                     \n.end(function(err, res){            \n    expect(res.statusCode).to.equal(200);\n    expect(res.body).to.be.jsonSchema(data);\n    expect(res.body.color).to.equal(\"grape\");\n    expect(res.body.is_favorite).to.equal(true);\n    done();\n           })",
              "err": {},
              "uuid": "52457840-cec9-43b2-aac6-d77109742d5f",
              "parentUUID": "68eae847-c7f4-43a7-9076-56ccaf739324",
              "isHook": false,
              "skipped": false
            },
            {
              "title": "Using token, name, and invalid color",
              "fullTitle": "Create a new project Using token, name, and invalid color",
              "timedOut": false,
              "duration": 304,
              "state": "passed",
              "speed": "slow",
              "pass": true,
              "fail": false,
              "pending": false,
              "context": null,
              "code": "const project_name =  faker.commerce.productName();\nlet api = chai.request('https://api.todoist.com/rest/v2');\napi.post(`/projects`)            \n.set(\"Authorization\", \"Bearer \" + token)\n.type('form')\n.send({\n    name : project_name,\n    color : 'black',           \n})                     \n.end(function(err, res){            \n    expect(res.statusCode).to.equal(400);            \n    done();\n           })",
              "err": {},
              "uuid": "54e46ebb-a6b9-4a4f-8c85-b65d14b23f2e",
              "parentUUID": "68eae847-c7f4-43a7-9076-56ccaf739324",
              "isHook": false,
              "skipped": false
            },
            {
              "title": "Using token, color, and favorite without name",
              "fullTitle": "Create a new project Using token, color, and favorite without name",
              "timedOut": false,
              "duration": 771,
              "state": "passed",
              "speed": "slow",
              "pass": true,
              "fail": false,
              "pending": false,
              "context": null,
              "code": "let api = chai.request('https://api.todoist.com/rest/v2');\napi.post(`/projects`)            \n.set(\"Authorization\", \"Bearer \" + token)\n.type('form')\n.send({                \n    color : 'grape',\n    is_favorite : 'true'\n})                     \n.end(function(err, res){            \n    expect(res.statusCode).to.equal(400);                \n    done();\n           })",
              "err": {},
              "uuid": "c5fa9cd6-2a59-4330-a931-7860091fc97d",
              "parentUUID": "68eae847-c7f4-43a7-9076-56ccaf739324",
              "isHook": false,
              "skipped": false
            },
            {
              "title": "Project number limit reached with number of existing project is 7",
              "fullTitle": "Create a new project Project number limit reached with number of existing project is 7",
              "timedOut": false,
              "duration": 328,
              "state": "passed",
              "speed": "slow",
              "pass": true,
              "fail": false,
              "pending": false,
              "context": null,
              "code": "const project_name =  faker.commerce.productName();\nlet api = chai.request('https://api.todoist.com/rest/v2');\napi.post(`/projects`)            \n.set(\"Authorization\", \"Bearer \" + token)\n.type('form')\n.send({\n    name : project_name,\n    color : 'grape',\n    is_favorite : 'true'\n})                     \n.end(function(err, res){            \n    expect(res.statusCode).to.equal(403);                \n    done();\n           })",
              "err": {},
              "uuid": "1546924f-f9b0-433c-9199-8e9b6d99214c",
              "parentUUID": "68eae847-c7f4-43a7-9076-56ccaf739324",
              "isHook": false,
              "skipped": false
            }
          ],
          "suites": [],
          "passes": [
            "2d4ab04b-bea5-437c-9350-5eae7f99c121",
            "ef2b53cc-5057-4bf1-a67d-bd101739ee91",
            "c3e29a7d-91ad-4b92-8057-f692b6d7a36b",
            "ba7825ca-0fea-4337-9ec0-cc9cef639e5e",
            "52457840-cec9-43b2-aac6-d77109742d5f",
            "54e46ebb-a6b9-4a4f-8c85-b65d14b23f2e",
            "c5fa9cd6-2a59-4330-a931-7860091fc97d",
            "1546924f-f9b0-433c-9199-8e9b6d99214c"
          ],
          "failures": [],
          "pending": [],
          "skipped": [],
          "duration": 5674,
          "root": false,
          "rootEmpty": false,
          "_timeout": 10000
        },
        {
          "uuid": "79928560-3cd3-4049-8546-61b211b0dc89",
          "title": "Update a project",
          "fullFile": "E:\\Coding Folder\\todoist\\api\\runner\\regression-test.js",
          "file": "\\api\\runner\\regression-test.js",
          "beforeHooks": [],
          "afterHooks": [],
          "tests": [
            {
              "title": "Using invalid token",
              "fullTitle": "Update a project Using invalid token",
              "timedOut": false,
              "duration": 302,
              "state": "passed",
              "speed": "slow",
              "pass": true,
              "fail": false,
              "pending": false,
              "context": null,
              "code": "let api = chai.request('https://api.todoist.com/rest/v2');\napi.post(`/projects/2301777036`)            \n.type('form')\n.send({\n    name : project_name,\n    color : 'grape',\n    is_favorite : 'true'\n})                     \n.end(function(err, res){            \n    expect(res.statusCode).to.equal(401);                \n    done();\n           })",
              "err": {},
              "uuid": "5b085566-5e82-40cd-988d-6532e11b8c31",
              "parentUUID": "79928560-3cd3-4049-8546-61b211b0dc89",
              "isHook": false,
              "skipped": false
            },
            {
              "title": "Using token and invalid project",
              "fullTitle": "Update a project Using token and invalid project",
              "timedOut": false,
              "duration": 770,
              "state": "passed",
              "speed": "slow",
              "pass": true,
              "fail": false,
              "pending": false,
              "context": null,
              "code": "let api = chai.request('https://api.todoist.com/rest/v2');\napi.post(`/projects/2301777`)         \n.set(\"Authorization\", \"Bearer \" + token)\n.type('form')\n.send({\n    name : project_name,\n    color : 'grape',\n    is_favorite : 'true'\n})                     \n.end(function(err, res){            \n    expect(res.statusCode).to.equal(404);            \n    done();\n           })",
              "err": {},
              "uuid": "7416eec5-1544-4bf7-a09a-b805ebda85c6",
              "parentUUID": "79928560-3cd3-4049-8546-61b211b0dc89",
              "isHook": false,
              "skipped": false
            },
            {
              "title": "Using token and name",
              "fullTitle": "Update a project Using token and name",
              "timedOut": false,
              "duration": 857,
              "state": "passed",
              "speed": "slow",
              "pass": true,
              "fail": false,
              "pending": false,
              "context": null,
              "code": "let api = chai.request('https://api.todoist.com/rest/v2');\napi.post(`/projects/2301777036`)            \n.set(\"Authorization\", \"Bearer \" + token)\n.type('form')\n.send({\n    name : project_name,\n    // color : 'grape',\n    // is_favorite : 'true'\n})                     \n.end(function(err, res){            \n    expect(res.statusCode).to.equal(200);\n    expect(res.body).to.be.jsonSchema(data);\n    expect(res.body.name).to.equal(project_name);                \n    done();\n           })",
              "err": {},
              "uuid": "42fb74b2-18af-4ab8-9e73-fe7258471902",
              "parentUUID": "79928560-3cd3-4049-8546-61b211b0dc89",
              "isHook": false,
              "skipped": false
            },
            {
              "title": "Using token and favorite",
              "fullTitle": "Update a project Using token and favorite",
              "timedOut": false,
              "duration": 935,
              "state": "passed",
              "speed": "slow",
              "pass": true,
              "fail": false,
              "pending": false,
              "context": null,
              "code": "let api = chai.request('https://api.todoist.com/rest/v2');\napi.post(`/projects/2301777036`)            \n.set(\"Authorization\", \"Bearer \" + token)\n.type('form')\n.send({\n    // name : project_name,\n    // color : 'grape',\n    is_favorite : 'true'\n})                     \n.end(function(err, res){            \n    expect(res.statusCode).to.equal(200);\n    expect(res.body).to.be.jsonSchema(data);                \n    expect(res.body.is_favorite).to.equal(true);\n    done();\n           })",
              "err": {},
              "uuid": "a931ee9b-8120-48c1-a00c-49adaa6380f3",
              "parentUUID": "79928560-3cd3-4049-8546-61b211b0dc89",
              "isHook": false,
              "skipped": false
            },
            {
              "title": "Using token and valid color",
              "fullTitle": "Update a project Using token and valid color",
              "timedOut": false,
              "duration": 909,
              "state": "passed",
              "speed": "slow",
              "pass": true,
              "fail": false,
              "pending": false,
              "context": null,
              "code": "let api = chai.request('https://api.todoist.com/rest/v2');\napi.post(`/projects/2301777036`)            \n.set(\"Authorization\", \"Bearer \" + token)\n.type('form')\n.send({                \n    color : 'grape',                \n})                     \n.end(function(err, res){            \n    expect(res.statusCode).to.equal(200);\n    expect(res.body).to.be.jsonSchema(data);\n    expect(res.body.color).to.equal(\"grape\");\n    done();\n           })",
              "err": {},
              "uuid": "dbfc1875-f311-45ba-babf-01626b619f8c",
              "parentUUID": "79928560-3cd3-4049-8546-61b211b0dc89",
              "isHook": false,
              "skipped": false
            },
            {
              "title": "Using token and invalid color",
              "fullTitle": "Update a project Using token and invalid color",
              "timedOut": false,
              "duration": 749,
              "state": "passed",
              "speed": "slow",
              "pass": true,
              "fail": false,
              "pending": false,
              "context": null,
              "code": "let api = chai.request('https://api.todoist.com/rest/v2');\napi.post(`/projects/2301777036`)\n.set(\"Authorization\", \"Bearer \" + token)\n.type('form')\n.send({                \n    color : 'black'\n})                     \n.end(function(err, res){            \n    expect(res.statusCode).to.equal(400);\n    done();\n           })",
              "err": {},
              "uuid": "10a50d3e-cd3b-42ba-8450-935d8667d60d",
              "parentUUID": "79928560-3cd3-4049-8546-61b211b0dc89",
              "isHook": false,
              "skipped": false
            }
          ],
          "suites": [],
          "passes": [
            "5b085566-5e82-40cd-988d-6532e11b8c31",
            "7416eec5-1544-4bf7-a09a-b805ebda85c6",
            "42fb74b2-18af-4ab8-9e73-fe7258471902",
            "a931ee9b-8120-48c1-a00c-49adaa6380f3",
            "dbfc1875-f311-45ba-babf-01626b619f8c",
            "10a50d3e-cd3b-42ba-8450-935d8667d60d"
          ],
          "failures": [],
          "pending": [],
          "skipped": [],
          "duration": 4522,
          "root": false,
          "rootEmpty": false,
          "_timeout": 10000
        },
        {
          "uuid": "c0853080-23c0-4173-adcc-73e0adde5ab0",
          "title": "Delete a project",
          "fullFile": "E:\\Coding Folder\\todoist\\api\\runner\\regression-test.js",
          "file": "\\api\\runner\\regression-test.js",
          "beforeHooks": [],
          "afterHooks": [],
          "tests": [
            {
              "title": "Using token and invalid id",
              "fullTitle": "Delete a project Using token and invalid id",
              "timedOut": false,
              "duration": 330,
              "state": "passed",
              "speed": "slow",
              "pass": true,
              "fail": false,
              "pending": false,
              "context": null,
              "code": "let api = chai.request('https://api.todoist.com/rest/v2');\napi.delete(`/projects/2301727`)            \n.set(\"Authorization\", \"Bearer \" + token)                   \n.end(function(err, res){            \n    expect(res.statusCode).to.equal(204);                \n    done();\n           })",
              "err": {},
              "uuid": "7e3927c8-ac1e-4738-8ec1-5561398b4dec",
              "parentUUID": "c0853080-23c0-4173-adcc-73e0adde5ab0",
              "isHook": false,
              "skipped": false
            },
            {
              "title": "Without token but using valid id",
              "fullTitle": "Delete a project Without token but using valid id",
              "timedOut": false,
              "duration": 300,
              "state": "passed",
              "speed": "slow",
              "pass": true,
              "fail": false,
              "pending": false,
              "context": null,
              "code": "let api = chai.request('https://api.todoist.com/rest/v2');\napi.delete(`/projects/2301727071`)            \n.end(function(err, res){            \n    expect(res.statusCode).to.equal(401);                \n    done();\n           })",
              "err": {},
              "uuid": "88d6bdfe-caaf-4ec4-9c67-3e5777762bfc",
              "parentUUID": "c0853080-23c0-4173-adcc-73e0adde5ab0",
              "isHook": false,
              "skipped": false
            },
            {
              "title": "Using token and valid id",
              "fullTitle": "Delete a project Using token and valid id",
              "timedOut": false,
              "duration": 859,
              "state": "passed",
              "speed": "slow",
              "pass": true,
              "fail": false,
              "pending": false,
              "context": null,
              "code": "let api = chai.request('https://api.todoist.com/rest/v2');\napi.delete(`/projects/2301727071`)\n.set(\"Authorization\", \"Bearer \" + token)                     \n.end(function(err, res){            \n    expect(res.statusCode).to.equal(204);                \n    done();\n           })",
              "err": {},
              "uuid": "e47b23d8-75ba-4e1a-a5b3-04de44a5c5d4",
              "parentUUID": "c0853080-23c0-4173-adcc-73e0adde5ab0",
              "isHook": false,
              "skipped": false
            }
          ],
          "suites": [],
          "passes": [
            "7e3927c8-ac1e-4738-8ec1-5561398b4dec",
            "88d6bdfe-caaf-4ec4-9c67-3e5777762bfc",
            "e47b23d8-75ba-4e1a-a5b3-04de44a5c5d4"
          ],
          "failures": [],
          "pending": [],
          "skipped": [],
          "duration": 1489,
          "root": false,
          "rootEmpty": false,
          "_timeout": 10000
        }
      ],
      "passes": [],
      "failures": [],
      "pending": [],
      "skipped": [],
      "duration": 0,
      "root": true,
      "rootEmpty": true,
      "_timeout": 10000
    }
  ],
  "meta": {
    "mocha": {
      "version": "10.1.0"
    },
    "mochawesome": {
      "options": {
        "quiet": false,
        "reportFilename": "mochawesome",
        "saveHtml": true,
        "saveJson": true,
        "consoleReporter": "spec",
        "useInlineDiffs": false,
        "code": true
      },
      "version": "7.1.3"
    },
    "marge": {
      "options": null,
      "version": "6.2.0"
    }
  }
}